生成启动时间为 2019/5/1 13:16:07。
     1>项目“E:\Development\winnginx\WinNginx\WinNginx.vcxproj”在节点 2 上(Build 个目标)。
     1>C:\Program Files (x86)\MSBuild\Microsoft.Cpp\v4.0\V120\Microsoft.CppBuild.targets(364,5): warning MSB8004: Output Directory does not end with a trailing slash.  This build instance will add the slash as it is required to allow proper evaluation of the Output Directory.
     1>ClCompile:
         C:\Program Files (x86)\Microsoft Visual Studio 12.0\VC\bin\CL.exe /c /ZI /nologo /W3 /WX- /Od /Oy- /D WIN32 /D _WINDOWS /D _DEBUG /D _UNICODE /D UNICODE /D _AFXDLL /Gm /EHsc /RTC1 /MDd /GS /fp:precise /Zc:wchar_t /Zc:forScope /Yc"stdafx.h" /Fp"winginx\winginxD.pch" /Fo"winginx\\" /Fd"winginx\vc120.pdb" /Gd /TP /analyze- /errorReport:prompt stdafx.cpp
         stdafx.cpp
         C:\Program Files (x86)\Microsoft Visual Studio 12.0\VC\bin\CL.exe /c /ZI /nologo /W3 /WX- /Od /Oy- /D WIN32 /D _WINDOWS /D _DEBUG /D _UNICODE /D UNICODE /D _AFXDLL /Gm /EHsc /RTC1 /MDd /GS /fp:precise /Zc:wchar_t /Zc:forScope /Yu"stdafx.h" /Fp"winginx\winginxD.pch" /Fo"winginx\\" /Fd"winginx\vc120.pdb" /Gd /TP /analyze- /errorReport:prompt WinNginx.cpp WinNginxDlg.cpp WNaddwebDlg.cpp WNGlobal.cpp WnweblistDlg.cpp
         WnweblistDlg.cpp
         WNGlobal.cpp
     1>e:\development\winnginx\winnginx\wnglobal.cpp(93): warning C4996: 'GetVersionExW': 被声明为已否决
                 c:\program files (x86)\windows kits\8.1\include\um\sysinfoapi.h(442) : 参见“GetVersionExW”的声明
     1>e:\development\winnginx\winnginx\wnglobal.cpp(96): warning C4996: 'GetVersionExW': 被声明为已否决
                 c:\program files (x86)\windows kits\8.1\include\um\sysinfoapi.h(442) : 参见“GetVersionExW”的声明
         WNaddwebDlg.cpp
         WinNginxDlg.cpp
         WinNginx.cpp
         正在生成代码...
       ResourceCompile:
         C:\Program Files (x86)\Windows Kits\8.1\bin\x86\rc.exe /D _DEBUG /D _UNICODE /D UNICODE /D _AFXDLL /l"0x0804" /Iwinginx\ /nologo /fo"winginx\WinNginx.res" WinNginx.rc 
       Link:
         C:\Program Files (x86)\Microsoft Visual Studio 12.0\VC\bin\link.exe /ERRORREPORT:PROMPT /OUT:"E:\Development\winnginx\\winginx\winginxD.exe" /INCREMENTAL /NOLOGO /MANIFEST /MANIFESTUAC:"level='asInvoker' uiAccess='false'" /manifest:embed /manifestinput:"C:\Program Files (x86)\Microsoft Visual Studio 12.0\VC\Include\Manifest\dpiaware.manifest" /DEBUG /PDB:"E:\Development\winnginx\\winginx\winginxD.pdb" /SUBSYSTEM:WINDOWS /TLBID:1 /ENTRY:"wWinMainCRTStartup" /DYNAMICBASE /NXCOMPAT /IMPLIB:"E:\Development\winnginx\\winginx\winginxD.lib" /MACHINE:X86 winginx\WinNginx.res
         winginx\stdafx.obj
         winginx\WinNginx.obj
         winginx\WinNginxDlg.obj
         winginx\WNaddwebDlg.obj
         winginx\WNGlobal.obj
         winginx\WnweblistDlg.obj
         WinNginx.vcxproj -> E:\Development\winnginx\\winginx\winginxD.exe
     1>已完成生成项目“E:\Development\winnginx\WinNginx\WinNginx.vcxproj”(Build 个目标)的操作。

生成成功。

已用时间 00:00:05.12
